2025-06-24 13:33:05,711 [AWT-EventQueue-0] INFO  ERDEditor - Oracle SQL Developer Data Modeler 17.2.0.188.1104
2025-06-25 12:14:06,304 [AWT-EventQueue-0] INFO  ERDEditor - Oracle SQL Developer Data Modeler 17.2.0.188.1104
2025-06-26 11:52:45,280 [AWT-EventQueue-0] INFO  DataModelerAddin - Oracle SQL Developer Data Modeler 17.2.0.188.1104
2025-06-27 09:26:51,215 [AWT-EventQueue-0] INFO  DataModelerAddin - Oracle SQL Developer Data Modeler 17.2.0.188.1104
2025-06-30 09:34:39,810 [AWT-EventQueue-0] INFO  DataModelerAddin - Oracle SQL Developer Data Modeler 17.2.0.188.1104
2025-06-30 18:13:49,741 [Thread-412] ERROR XMLTransformationManager - 문서를 파일에 쓸 수 없음: C:\123.dmd
java.io.FileNotFoundException: C:\123.dmd (액세스가 거부되었습니다)
	at java.io.FileOutputStream.open0(Native Method)
	at java.io.FileOutputStream.open(FileOutputStream.java:270)
	at java.io.FileOutputStream.<init>(FileOutputStream.java:213)
	at java.io.FileOutputStream.<init>(FileOutputStream.java:162)
	at oracle.dbtools.crest.model.metadata.XMLTransformationManager.saveContentOfObject(XMLTransformationManager.java:4017)
	at oracle.dbtools.crest.model.metadata.XMLTransformationManager.saveObject(XMLTransformationManager.java:1552)
	at oracle.dbtools.crest.model.metadata.XMLTransformationManager.saveDesign(XMLTransformationManager.java:629)
	at oracle.dbtools.crest.model.design.Design.saveAll(Design.java:2147)
	at oracle.dbtools.crest.swingui.ControllerApplication.saveAll(ControllerApplication.java:4020)
	at oracle.dbtools.crest.swingui.ControllerApplication.saveAsDesign(ControllerApplication.java:3810)
	at oracle.dbtools.crest.swingui.ControllerApplication.access$6200(ControllerApplication.java:119)
	at oracle.dbtools.crest.swingui.ControllerApplication$SaveAs$1.run(ControllerApplication.java:3676)
2025-07-02 18:32:17,606 [AWT-EventQueue-0] INFO  DataModelerAddin - Oracle SQL Developer Data Modeler 17.2.0.188.1104
